
> organ-donation@0.1.0 dev
> next dev --turbopack

 ⚠ Port 3000 is in use by an unknown process, using available port 3002 instead.
   ▲ Next.js 15.5.3 (Turbopack)
   - Local:        http://localhost:3002
   - Network:      http://169.254.0.21:3002
   - Environments: .env.local, .env

 ✓ Starting...
 ✓ Ready in 1815ms
 ○ Compiling / ...
 ✓ Compiled / in 5.1s
 GET / 200 in 5905ms
 GET / 200 in 4170ms
 ⚠ Cross origin request detected from tender-pianos-rhyme.lindy.site to /_next/* resource. In a future major version of Next.js, you will need to explicitly configure "allowedDevOrigins" in next.config to allow this.
Read more: https://nextjs.org/docs/app/api-reference/config/next-config-js/allowedDevOrigins
 ✓ Compiled /favicon.ico in 369ms
 GET /favicon.ico?favicon.bf3c9292.ico 200 in 693ms
 ○ Compiling /auth/register ...
 ✓ Compiled /auth/register in 1853ms
 GET /auth/register 200 in 1963ms
 ○ Compiling /api/auth/register ...
 ✓ Compiled /api/auth/register in 682ms
prisma:query SELECT "public"."User"."id", "public"."User"."email", "public"."User"."passwordHash", "public"."User"."firstName", "public"."User"."lastName", "public"."User"."dateOfBirth", "public"."User"."gender", "public"."User"."bloodType", "public"."User"."phoneNumber", "public"."User"."address", "public"."User"."city", "public"."User"."state", "public"."User"."zipCode", "public"."User"."country", "public"."User"."userType", "public"."User"."isDonor", "public"."User"."donorStatus", "public"."User"."organsDonating", "public"."User"."donationDate", "public"."User"."isRecipient", "public"."User"."recipientStatus", "public"."User"."organNeeded", "public"."User"."waitlistDate", "public"."User"."urgencyLevel", "public"."User"."medicalHistory", "public"."User"."allergies", "public"."User"."medications", "public"."User"."bloodPressure", "public"."User"."emailVerified", "public"."User"."phoneVerified", "public"."User"."identityVerified", "public"."User"."medicalRecordsVerified", "public"."User"."consentGiven", "public"."User"."consentDate", "public"."User"."consentDocument", "public"."User"."emergencyContactName", "public"."User"."emergencyContactPhone", "public"."User"."emergencyContactRelation", "public"."User"."createdAt", "public"."User"."updatedAt", "public"."User"."lastLogin" FROM "public"."User" WHERE ("public"."User"."email" = $1 AND 1=1) LIMIT $2 OFFSET $3
prisma:query INSERT INTO "public"."User" ("id","email","passwordHash","firstName","lastName","dateOfBirth","gender","bloodType","phoneNumber","address","city","state","zipCode","country","userType","isDonor","isRecipient","emailVerified","phoneVerified","identityVerified","medicalRecordsVerified","consentGiven","createdAt","updatedAt") VALUES ($1,$2,$3,$4,$5,$6,$7,$8,$9,$10,$11,$12,$13,$14,$15,$16,$17,$18,$19,$20,$21,$22,$23,$24) RETURNING "public"."User"."id", "public"."User"."email", "public"."User"."passwordHash", "public"."User"."firstName", "public"."User"."lastName", "public"."User"."dateOfBirth", "public"."User"."gender", "public"."User"."bloodType", "public"."User"."phoneNumber", "public"."User"."address", "public"."User"."city", "public"."User"."state", "public"."User"."zipCode", "public"."User"."country", "public"."User"."userType", "public"."User"."isDonor", "public"."User"."donorStatus", "public"."User"."organsDonating", "public"."User"."donationDate", "public"."User"."isRecipient", "public"."User"."recipientStatus", "public"."User"."organNeeded", "public"."User"."waitlistDate", "public"."User"."urgencyLevel", "public"."User"."medicalHistory", "public"."User"."allergies", "public"."User"."medications", "public"."User"."bloodPressure", "public"."User"."emailVerified", "public"."User"."phoneVerified", "public"."User"."identityVerified", "public"."User"."medicalRecordsVerified", "public"."User"."consentGiven", "public"."User"."consentDate", "public"."User"."consentDocument", "public"."User"."emergencyContactName", "public"."User"."emergencyContactPhone", "public"."User"."emergencyContactRelation", "public"."User"."createdAt", "public"."User"."updatedAt", "public"."User"."lastLogin"
prisma:query INSERT INTO "public"."AuditLog" ("id","userId","action","entityType","entityId","ipAddress","userAgent","status","createdAt") VALUES ($1,$2,$3,$4,$5,$6,$7,$8,$9) RETURNING "public"."AuditLog"."id", "public"."AuditLog"."userId", "public"."AuditLog"."action", "public"."AuditLog"."entityType", "public"."AuditLog"."entityId", "public"."AuditLog"."oldValues", "public"."AuditLog"."newValues", "public"."AuditLog"."ipAddress", "public"."AuditLog"."userAgent", "public"."AuditLog"."status", "public"."AuditLog"."errorMessage", "public"."AuditLog"."createdAt"
 POST /api/auth/register 201 in 1951ms
 ○ Compiling /auth/login ...
 ✓ Compiled /auth/login in 598ms
 GET /auth/login 200 in 692ms
 ✓ Compiled /api/auth/login in 280ms
prisma:query SELECT 1
prisma:query SELECT "public"."User"."id", "public"."User"."email", "public"."User"."passwordHash", "public"."User"."firstName", "public"."User"."lastName", "public"."User"."dateOfBirth", "public"."User"."gender", "public"."User"."bloodType", "public"."User"."phoneNumber", "public"."User"."address", "public"."User"."city", "public"."User"."state", "public"."User"."zipCode", "public"."User"."country", "public"."User"."userType", "public"."User"."isDonor", "public"."User"."donorStatus", "public"."User"."organsDonating", "public"."User"."donationDate", "public"."User"."isRecipient", "public"."User"."recipientStatus", "public"."User"."organNeeded", "public"."User"."waitlistDate", "public"."User"."urgencyLevel", "public"."User"."medicalHistory", "public"."User"."allergies", "public"."User"."medications", "public"."User"."bloodPressure", "public"."User"."emailVerified", "public"."User"."phoneVerified", "public"."User"."identityVerified", "public"."User"."medicalRecordsVerified", "public"."User"."consentGiven", "public"."User"."consentDate", "public"."User"."consentDocument", "public"."User"."emergencyContactName", "public"."User"."emergencyContactPhone", "public"."User"."emergencyContactRelation", "public"."User"."createdAt", "public"."User"."updatedAt", "public"."User"."lastLogin" FROM "public"."User" WHERE ("public"."User"."email" = $1 AND 1=1) LIMIT $2 OFFSET $3
prisma:query UPDATE "public"."User" SET "lastLogin" = $1, "updatedAt" = $2 WHERE ("public"."User"."id" = $3 AND 1=1) RETURNING "public"."User"."id", "public"."User"."email", "public"."User"."passwordHash", "public"."User"."firstName", "public"."User"."lastName", "public"."User"."dateOfBirth", "public"."User"."gender", "public"."User"."bloodType", "public"."User"."phoneNumber", "public"."User"."address", "public"."User"."city", "public"."User"."state", "public"."User"."zipCode", "public"."User"."country", "public"."User"."userType", "public"."User"."isDonor", "public"."User"."donorStatus", "public"."User"."organsDonating", "public"."User"."donationDate", "public"."User"."isRecipient", "public"."User"."recipientStatus", "public"."User"."organNeeded", "public"."User"."waitlistDate", "public"."User"."urgencyLevel", "public"."User"."medicalHistory", "public"."User"."allergies", "public"."User"."medications", "public"."User"."bloodPressure", "public"."User"."emailVerified", "public"."User"."phoneVerified", "public"."User"."identityVerified", "public"."User"."medicalRecordsVerified", "public"."User"."consentGiven", "public"."User"."consentDate", "public"."User"."consentDocument", "public"."User"."emergencyContactName", "public"."User"."emergencyContactPhone", "public"."User"."emergencyContactRelation", "public"."User"."createdAt", "public"."User"."updatedAt", "public"."User"."lastLogin"
prisma:query INSERT INTO "public"."AuditLog" ("id","userId","action","entityType","entityId","ipAddress","userAgent","status","createdAt") VALUES ($1,$2,$3,$4,$5,$6,$7,$8,$9) RETURNING "public"."AuditLog"."id", "public"."AuditLog"."userId", "public"."AuditLog"."action", "public"."AuditLog"."entityType", "public"."AuditLog"."entityId", "public"."AuditLog"."oldValues", "public"."AuditLog"."newValues", "public"."AuditLog"."ipAddress", "public"."AuditLog"."userAgent", "public"."AuditLog"."status", "public"."AuditLog"."errorMessage", "public"."AuditLog"."createdAt"
 POST /api/auth/login 200 in 1114ms
 ○ Compiling /dashboard ...
 ✓ Compiled /dashboard in 609ms
 GET /dashboard 200 in 714ms
 GET / 200 in 176ms
 GET /favicon.ico?favicon.bf3c9292.ico 200 in 263ms
 GET /auth/register 200 in 98ms
 GET /favicon.ico?favicon.bf3c9292.ico 200 in 263ms
 GET /favicon.ico?favicon.bf3c9292.ico 200 in 264ms
 GET /auth/login 200 in 92ms
 GET /favicon.ico?favicon.bf3c9292.ico 200 in 260ms
 GET /favicon.ico?favicon.bf3c9292.ico 200 in 267ms
 GET /auth/register 200 in 97ms
 GET /favicon.ico?favicon.bf3c9292.ico 200 in 262ms
 GET /auth/login 200 in 84ms
 GET /favicon.ico?favicon.bf3c9292.ico 200 in 260ms
prisma:query SELECT "public"."User"."id", "public"."User"."email", "public"."User"."passwordHash", "public"."User"."firstName", "public"."User"."lastName", "public"."User"."dateOfBirth", "public"."User"."gender", "public"."User"."bloodType", "public"."User"."phoneNumber", "public"."User"."address", "public"."User"."city", "public"."User"."state", "public"."User"."zipCode", "public"."User"."country", "public"."User"."userType", "public"."User"."isDonor", "public"."User"."donorStatus", "public"."User"."organsDonating", "public"."User"."donationDate", "public"."User"."isRecipient", "public"."User"."recipientStatus", "public"."User"."organNeeded", "public"."User"."waitlistDate", "public"."User"."urgencyLevel", "public"."User"."medicalHistory", "public"."User"."allergies", "public"."User"."medications", "public"."User"."bloodPressure", "public"."User"."emailVerified", "public"."User"."phoneVerified", "public"."User"."identityVerified", "public"."User"."medicalRecordsVerified", "public"."User"."consentGiven", "public"."User"."consentDate", "public"."User"."consentDocument", "public"."User"."emergencyContactName", "public"."User"."emergencyContactPhone", "public"."User"."emergencyContactRelation", "public"."User"."createdAt", "public"."User"."updatedAt", "public"."User"."lastLogin" FROM "public"."User" WHERE ("public"."User"."email" = $1 AND 1=1) LIMIT $2 OFFSET $3
prisma:query INSERT INTO "public"."AuditLog" ("id","action","entityType","ipAddress","userAgent","status","errorMessage","createdAt") VALUES ($1,$2,$3,$4,$5,$6,$7,$8) RETURNING "public"."AuditLog"."id", "public"."AuditLog"."userId", "public"."AuditLog"."action", "public"."AuditLog"."entityType", "public"."AuditLog"."entityId", "public"."AuditLog"."oldValues", "public"."AuditLog"."newValues", "public"."AuditLog"."ipAddress", "public"."AuditLog"."userAgent", "public"."AuditLog"."status", "public"."AuditLog"."errorMessage", "public"."AuditLog"."createdAt"
 POST /api/auth/login 401 in 290ms
prisma:query SELECT 1
prisma:query SELECT "public"."User"."id", "public"."User"."email", "public"."User"."passwordHash", "public"."User"."firstName", "public"."User"."lastName", "public"."User"."dateOfBirth", "public"."User"."gender", "public"."User"."bloodType", "public"."User"."phoneNumber", "public"."User"."address", "public"."User"."city", "public"."User"."state", "public"."User"."zipCode", "public"."User"."country", "public"."User"."userType", "public"."User"."isDonor", "public"."User"."donorStatus", "public"."User"."organsDonating", "public"."User"."donationDate", "public"."User"."isRecipient", "public"."User"."recipientStatus", "public"."User"."organNeeded", "public"."User"."waitlistDate", "public"."User"."urgencyLevel", "public"."User"."medicalHistory", "public"."User"."allergies", "public"."User"."medications", "public"."User"."bloodPressure", "public"."User"."emailVerified", "public"."User"."phoneVerified", "public"."User"."identityVerified", "public"."User"."medicalRecordsVerified", "public"."User"."consentGiven", "public"."User"."consentDate", "public"."User"."consentDocument", "public"."User"."emergencyContactName", "public"."User"."emergencyContactPhone", "public"."User"."emergencyContactRelation", "public"."User"."createdAt", "public"."User"."updatedAt", "public"."User"."lastLogin" FROM "public"."User" WHERE ("public"."User"."email" = $1 AND 1=1) LIMIT $2 OFFSET $3
prisma:query INSERT INTO "public"."AuditLog" ("id","action","entityType","ipAddress","userAgent","status","errorMessage","createdAt") VALUES ($1,$2,$3,$4,$5,$6,$7,$8) RETURNING "public"."AuditLog"."id", "public"."AuditLog"."userId", "public"."AuditLog"."action", "public"."AuditLog"."entityType", "public"."AuditLog"."entityId", "public"."AuditLog"."oldValues", "public"."AuditLog"."newValues", "public"."AuditLog"."ipAddress", "public"."AuditLog"."userAgent", "public"."AuditLog"."status", "public"."AuditLog"."errorMessage", "public"."AuditLog"."createdAt"
 POST /api/auth/login 401 in 265ms
prisma:query SELECT "public"."User"."id", "public"."User"."email", "public"."User"."passwordHash", "public"."User"."firstName", "public"."User"."lastName", "public"."User"."dateOfBirth", "public"."User"."gender", "public"."User"."bloodType", "public"."User"."phoneNumber", "public"."User"."address", "public"."User"."city", "public"."User"."state", "public"."User"."zipCode", "public"."User"."country", "public"."User"."userType", "public"."User"."isDonor", "public"."User"."donorStatus", "public"."User"."organsDonating", "public"."User"."donationDate", "public"."User"."isRecipient", "public"."User"."recipientStatus", "public"."User"."organNeeded", "public"."User"."waitlistDate", "public"."User"."urgencyLevel", "public"."User"."medicalHistory", "public"."User"."allergies", "public"."User"."medications", "public"."User"."bloodPressure", "public"."User"."emailVerified", "public"."User"."phoneVerified", "public"."User"."identityVerified", "public"."User"."medicalRecordsVerified", "public"."User"."consentGiven", "public"."User"."consentDate", "public"."User"."consentDocument", "public"."User"."emergencyContactName", "public"."User"."emergencyContactPhone", "public"."User"."emergencyContactRelation", "public"."User"."createdAt", "public"."User"."updatedAt", "public"."User"."lastLogin" FROM "public"."User" WHERE ("public"."User"."email" = $1 AND 1=1) LIMIT $2 OFFSET $3
prisma:query INSERT INTO "public"."AuditLog" ("id","action","entityType","ipAddress","userAgent","status","errorMessage","createdAt") VALUES ($1,$2,$3,$4,$5,$6,$7,$8) RETURNING "public"."AuditLog"."id", "public"."AuditLog"."userId", "public"."AuditLog"."action", "public"."AuditLog"."entityType", "public"."AuditLog"."entityId", "public"."AuditLog"."oldValues", "public"."AuditLog"."newValues", "public"."AuditLog"."ipAddress", "public"."AuditLog"."userAgent", "public"."AuditLog"."status", "public"."AuditLog"."errorMessage", "public"."AuditLog"."createdAt"
 POST /api/auth/login 401 in 268ms
 GET /auth/register 200 in 100ms
 GET /favicon.ico?favicon.bf3c9292.ico 200 in 257ms
 GET /auth/register 200 in 367ms
 GET /favicon.ico?favicon.bf3c9292.ico 200 in 255ms
 GET /auth/register?type=donor 200 in 275ms
